mode: atomic
pkg.package-operator.run/cardboard/load/load.go:19.94,21.16 2 0
pkg.package-operator.run/cardboard/load/load.go:21.16,23.3 1 0
pkg.package-operator.run/cardboard/load/load.go:24.2,27.16 3 0
pkg.package-operator.run/cardboard/load/load.go:27.16,29.3 1 0
pkg.package-operator.run/cardboard/load/load.go:30.2,33.29 3 0
pkg.package-operator.run/cardboard/load/load.go:33.29,34.19 1 0
pkg.package-operator.run/cardboard/load/load.go:34.19,35.12 1 0
pkg.package-operator.run/cardboard/load/load.go:38.3,38.39 1 0
pkg.package-operator.run/cardboard/load/load.go:38.39,39.12 1 0
pkg.package-operator.run/cardboard/load/load.go:42.3,43.17 2 0
pkg.package-operator.run/cardboard/load/load.go:43.17,45.4 1 0
pkg.package-operator.run/cardboard/load/load.go:46.3,46.37 1 0
pkg.package-operator.run/cardboard/load/load.go:48.2,48.21 1 0
pkg.package-operator.run/cardboard/load/load.go:52.90,54.16 2 1
pkg.package-operator.run/cardboard/load/load.go:54.16,56.3 1 0
pkg.package-operator.run/cardboard/load/load.go:58.2,58.49 1 1
pkg.package-operator.run/cardboard/load/load.go:63.91,69.70 3 1
pkg.package-operator.run/cardboard/load/load.go:69.70,71.60 2 1
pkg.package-operator.run/cardboard/load/load.go:71.60,74.4 1 0
pkg.package-operator.run/cardboard/load/load.go:76.3,76.33 1 1
pkg.package-operator.run/cardboard/load/load.go:79.2,79.21 1 1
pkg.package-operator.run/cardboard/load/load.go:85.36,85.53 1 0
pkg.package-operator.run/cardboard/load/load.go:87.46,91.2 3 0
pkg.package-operator.run/cardboard/load/load.go:93.41,93.68 1 0
pkg.package-operator.run/cardboard/load/load.go:100.95,102.16 2 1
pkg.package-operator.run/cardboard/load/load.go:102.16,104.3 1 0
pkg.package-operator.run/cardboard/load/load.go:105.2,105.59 1 1
pkg.package-operator.run/cardboard/load/load.go:105.59,107.3 1 0
pkg.package-operator.run/cardboard/load/load.go:108.2,108.12 1 1
pkg.package-operator.run/cardboard/load/load.go:115.73,117.16 2 1
pkg.package-operator.run/cardboard/load/load.go:117.16,119.3 1 0
pkg.package-operator.run/cardboard/load/load.go:121.2,121.49 1 1
pkg.package-operator.run/cardboard/load/load.go:121.49,123.3 1 0
pkg.package-operator.run/cardboard/load/load.go:124.2,124.12 1 1
pkg.package-operator.run/cardboard/sh/options.go:14.46,16.2 1 4
pkg.package-operator.run/cardboard/sh/options.go:20.51,22.2 1 0
pkg.package-operator.run/cardboard/sh/options.go:26.48,28.2 1 0
pkg.package-operator.run/cardboard/sh/options.go:32.51,34.2 1 0
pkg.package-operator.run/cardboard/sh/options.go:38.51,40.2 1 0
pkg.package-operator.run/cardboard/sh/sh.go:22.40,26.2 3 4
pkg.package-operator.run/cardboard/sh/sh.go:28.52,38.2 3 0
pkg.package-operator.run/cardboard/sh/sh.go:40.46,41.27 1 4
pkg.package-operator.run/cardboard/sh/sh.go:41.27,43.3 1 4
pkg.package-operator.run/cardboard/sh/sh.go:44.2,44.21 1 4
pkg.package-operator.run/cardboard/sh/sh.go:44.21,46.3 1 0
pkg.package-operator.run/cardboard/sh/sh.go:47.2,47.21 1 4
pkg.package-operator.run/cardboard/sh/sh.go:47.21,49.3 1 4
pkg.package-operator.run/cardboard/sh/sh.go:50.2,50.21 1 4
pkg.package-operator.run/cardboard/sh/sh.go:50.21,52.3 1 4
pkg.package-operator.run/cardboard/sh/sh.go:55.56,57.2 1 3
pkg.package-operator.run/cardboard/sh/sh.go:59.46,62.2 2 0
pkg.package-operator.run/cardboard/sh/sh.go:64.69,68.2 3 1
pkg.package-operator.run/cardboard/sh/sh.go:70.99,73.26 3 4
pkg.package-operator.run/cardboard/sh/sh.go:73.26,75.3 1 0
pkg.package-operator.run/cardboard/sh/sh.go:77.2,78.19 2 4
pkg.package-operator.run/cardboard/sh/sh.go:78.19,80.3 1 0
pkg.package-operator.run/cardboard/sh/sh.go:82.2,90.16 7 4
pkg.package-operator.run/cardboard/sh/sh.go:90.16,92.3 1 2
pkg.package-operator.run/cardboard/sh/sh.go:93.2,93.17 1 2
pkg.package-operator.run/cardboard/sh/sh.go:93.17,95.26 2 1
pkg.package-operator.run/cardboard/sh/sh.go:95.26,97.4 1 0
pkg.package-operator.run/cardboard/sh/sh.go:98.3,98.100 1 1
pkg.package-operator.run/cardboard/sh/sh.go:100.2,100.83 1 1
pkg.package-operator.run/cardboard/sh/sh.go:109.29,110.16 1 2
pkg.package-operator.run/cardboard/sh/sh.go:110.16,112.3 1 0
pkg.package-operator.run/cardboard/sh/sh.go:113.2,114.25 2 2
pkg.package-operator.run/cardboard/sh/sh.go:114.25,116.3 1 1
pkg.package-operator.run/cardboard/sh/sh.go:117.2,117.14 1 1
pkg.package-operator.run/cardboard/sh/sh.go:127.32,128.16 1 1
pkg.package-operator.run/cardboard/sh/sh.go:128.16,130.3 1 0
pkg.package-operator.run/cardboard/sh/sh.go:131.2,131.43 1 1
pkg.package-operator.run/cardboard/sh/sh.go:131.43,133.3 1 0
pkg.package-operator.run/cardboard/sh/sh.go:134.2,134.40 1 1
pkg.package-operator.run/cardboard/sh/sh.go:134.40,135.49 1 1
pkg.package-operator.run/cardboard/sh/sh.go:135.49,137.4 1 1
pkg.package-operator.run/cardboard/sh/sh.go:139.2,139.10 1 0
pkg.package-operator.run/cardboard/wait/options.go:11.60,13.2 1 1
pkg.package-operator.run/cardboard/wait/options.go:17.59,19.2 1 1
pkg.package-operator.run/cardboard/wait/options.go:23.70,25.2 1 0
pkg.package-operator.run/cardboard/wait/wait.go:33.34,34.20 1 3
pkg.package-operator.run/cardboard/wait/wait.go:34.20,36.3 1 2
pkg.package-operator.run/cardboard/wait/wait.go:37.2,37.21 1 3
pkg.package-operator.run/cardboard/wait/wait.go:37.21,39.3 1 2
pkg.package-operator.run/cardboard/wait/wait.go:40.2,40.25 1 3
pkg.package-operator.run/cardboard/wait/wait.go:40.25,42.3 1 3
pkg.package-operator.run/cardboard/wait/wait.go:43.2,47.92 1 3
pkg.package-operator.run/cardboard/wait/wait.go:47.92,49.3 1 0
pkg.package-operator.run/cardboard/wait/wait.go:50.2,54.92 1 3
pkg.package-operator.run/cardboard/wait/wait.go:54.92,56.3 1 0
pkg.package-operator.run/cardboard/wait/wait.go:76.11,82.34 2 2
pkg.package-operator.run/cardboard/wait/wait.go:82.34,84.3 1 2
pkg.package-operator.run/cardboard/wait/wait.go:85.2,86.10 2 2
pkg.package-operator.run/cardboard/wait/wait.go:94.43,96.2 1 0
pkg.package-operator.run/cardboard/wait/wait.go:101.9,103.16 2 0
pkg.package-operator.run/cardboard/wait/wait.go:103.16,105.3 1 0
pkg.package-operator.run/cardboard/wait/wait.go:107.2,108.9 2 0
pkg.package-operator.run/cardboard/wait/wait.go:108.9,110.3 1 0
pkg.package-operator.run/cardboard/wait/wait.go:112.2,112.36 1 0
pkg.package-operator.run/cardboard/wait/wait.go:122.9,126.50 1 0
pkg.package-operator.run/cardboard/wait/wait.go:126.50,128.4 1 0
pkg.package-operator.run/cardboard/wait/wait.go:136.9,140.27 3 0
pkg.package-operator.run/cardboard/wait/wait.go:140.27,142.3 1 0
pkg.package-operator.run/cardboard/wait/wait.go:144.2,145.16 2 0
pkg.package-operator.run/cardboard/wait/wait.go:145.16,147.3 1 0
pkg.package-operator.run/cardboard/wait/wait.go:149.2,154.52 3 0
pkg.package-operator.run/cardboard/wait/wait.go:154.52,156.18 2 0
pkg.package-operator.run/cardboard/wait/wait.go:156.18,159.5 1 0
pkg.package-operator.run/cardboard/wait/wait.go:161.4,161.26 1 0
pkg.package-operator.run/cardboard/wait/wait.go:171.9,175.27 3 0
pkg.package-operator.run/cardboard/wait/wait.go:175.27,177.3 1 0
pkg.package-operator.run/cardboard/wait/wait.go:179.2,180.16 2 0
pkg.package-operator.run/cardboard/wait/wait.go:180.16,182.3 1 0
pkg.package-operator.run/cardboard/wait/wait.go:184.2,190.52 3 0
pkg.package-operator.run/cardboard/wait/wait.go:190.52,192.30 2 0
pkg.package-operator.run/cardboard/wait/wait.go:192.30,194.5 1 0
pkg.package-operator.run/cardboard/wait/wait.go:195.4,195.18 1 0
pkg.package-operator.run/cardboard/wait/wait.go:195.18,198.5 1 0
pkg.package-operator.run/cardboard/wait/wait.go:200.4,200.26 1 0
pkg.package-operator.run/cardboard/wait/wait.go:211.26,213.9 2 4
pkg.package-operator.run/cardboard/wait/wait.go:213.9,215.60 2 2
pkg.package-operator.run/cardboard/wait/wait.go:215.60,217.4 1 0
pkg.package-operator.run/cardboard/wait/wait.go:220.2,221.64 1 4
pkg.package-operator.run/cardboard/wait/wait.go:221.64,223.3 1 0
pkg.package-operator.run/cardboard/wait/wait.go:223.8,223.53 1 4
pkg.package-operator.run/cardboard/wait/wait.go:223.53,226.3 1 1
pkg.package-operator.run/cardboard/wait/wait.go:228.2,230.16 2 3
pkg.package-operator.run/cardboard/wait/wait.go:230.16,232.3 1 0
pkg.package-operator.run/cardboard/wait/wait.go:233.2,233.9 1 3
pkg.package-operator.run/cardboard/wait/wait.go:233.9,236.3 1 0
pkg.package-operator.run/cardboard/wait/wait.go:239.2,240.16 2 3
pkg.package-operator.run/cardboard/wait/wait.go:240.16,242.3 1 0
pkg.package-operator.run/cardboard/wait/wait.go:243.2,244.68 2 3
pkg.package-operator.run/cardboard/wait/wait.go:244.68,246.3 1 0
pkg.package-operator.run/cardboard/wait/wait.go:249.2,250.22 2 3
pkg.package-operator.run/cardboard/wait/wait.go:250.22,253.3 1 0
pkg.package-operator.run/cardboard/wait/wait.go:255.2,256.55 1 3
pkg.package-operator.run/cardboard/wait/wait.go:256.55,259.3 1 1
pkg.package-operator.run/cardboard/wait/wait.go:261.2,261.49 1 2
pkg.package-operator.run/cardboard/run/bindeps.go:28.65,30.16 2 0
pkg.package-operator.run/cardboard/run/bindeps.go:30.16,31.13 1 0
pkg.package-operator.run/cardboard/run/bindeps.go:34.2,41.11 4 0
pkg.package-operator.run/cardboard/run/bindeps.go:44.41,46.2 1 0
pkg.package-operator.run/cardboard/run/bindeps.go:48.60,50.2 1 0
pkg.package-operator.run/cardboard/run/bindeps.go:52.44,54.2 1 0
pkg.package-operator.run/cardboard/run/bindeps.go:57.42,59.2 1 0
pkg.package-operator.run/cardboard/run/bindeps.go:62.78,64.50 2 0
pkg.package-operator.run/cardboard/run/bindeps.go:64.50,66.3 1 0
pkg.package-operator.run/cardboard/run/bindeps.go:68.2,68.28 1 0
pkg.package-operator.run/cardboard/run/bindeps.go:68.28,70.3 1 0
pkg.package-operator.run/cardboard/run/bindeps.go:72.2,74.12 3 0
pkg.package-operator.run/cardboard/run/bindeps.go:78.79,79.57 1 0
pkg.package-operator.run/cardboard/run/bindeps.go:79.57,81.3 1 0
pkg.package-operator.run/cardboard/run/bindeps.go:83.2,84.16 2 0
pkg.package-operator.run/cardboard/run/bindeps.go:84.16,86.3 1 0
pkg.package-operator.run/cardboard/run/bindeps.go:87.2,87.19 1 0
pkg.package-operator.run/cardboard/run/bindeps.go:87.19,89.3 1 0
pkg.package-operator.run/cardboard/run/bindeps.go:91.2,92.59 2 0
pkg.package-operator.run/cardboard/run/bindeps.go:92.59,94.3 1 0
pkg.package-operator.run/cardboard/run/bindeps.go:95.2,95.12 1 0
pkg.package-operator.run/cardboard/run/bindeps.go:99.95,101.48 2 0
pkg.package-operator.run/cardboard/run/bindeps.go:101.48,103.3 1 0
pkg.package-operator.run/cardboard/run/bindeps.go:107.2,108.16 2 0
pkg.package-operator.run/cardboard/run/bindeps.go:108.16,110.3 1 0
pkg.package-operator.run/cardboard/run/bindeps.go:112.2,112.21 1 0
pkg.package-operator.run/cardboard/run/bindeps.go:115.48,117.2 1 0
pkg.package-operator.run/cardboard/run/bindeps.go:120.36,122.54 2 0
pkg.package-operator.run/cardboard/run/bindeps.go:122.54,124.3 1 0
pkg.package-operator.run/cardboard/run/bindeps.go:126.2,127.24 2 0
pkg.package-operator.run/cardboard/run/bindeps.go:127.24,129.17 2 0
pkg.package-operator.run/cardboard/run/bindeps.go:129.17,131.4 1 0
pkg.package-operator.run/cardboard/run/bindeps.go:132.3,133.13 2 0
pkg.package-operator.run/cardboard/run/bindeps.go:135.2,135.16 1 0
pkg.package-operator.run/cardboard/run/bindeps.go:135.16,137.3 1 0
pkg.package-operator.run/cardboard/run/bindeps.go:138.2,138.12 1 0
pkg.package-operator.run/cardboard/run/deps.go:33.36,35.2 1 70
pkg.package-operator.run/cardboard/run/deps.go:38.40,43.2 1 10
pkg.package-operator.run/cardboard/run/deps.go:53.34,55.41 2 0
pkg.package-operator.run/cardboard/run/deps.go:55.41,60.20 4 0
pkg.package-operator.run/cardboard/run/deps.go:60.20,62.4 1 0
pkg.package-operator.run/cardboard/run/deps.go:64.2,64.15 1 0
pkg.package-operator.run/cardboard/run/deps.go:67.70,68.31 1 0
pkg.package-operator.run/cardboard/run/deps.go:68.31,71.3 2 0
pkg.package-operator.run/cardboard/run/deps.go:74.56,77.22 3 0
pkg.package-operator.run/cardboard/run/deps.go:77.22,79.3 1 0
pkg.package-operator.run/cardboard/run/deps.go:79.8,81.3 1 0
pkg.package-operator.run/cardboard/run/deps.go:82.2,84.59 3 0
pkg.package-operator.run/cardboard/run/deps.go:84.59,86.3 1 0
pkg.package-operator.run/cardboard/run/deps.go:87.2,87.12 1 0
pkg.package-operator.run/cardboard/run/deps.go:90.61,91.31 1 0
pkg.package-operator.run/cardboard/run/deps.go:91.31,93.23 2 0
pkg.package-operator.run/cardboard/run/deps.go:93.23,95.4 1 0
pkg.package-operator.run/cardboard/run/deps.go:97.2,97.14 1 0
pkg.package-operator.run/cardboard/run/deps.go:100.33,104.2 3 0
pkg.package-operator.run/cardboard/run/deps.go:107.104,108.63 1 5
pkg.package-operator.run/cardboard/run/deps.go:108.63,109.13 1 0
pkg.package-operator.run/cardboard/run/deps.go:112.2,120.27 4 5
pkg.package-operator.run/cardboard/run/deps.go:120.27,122.3 1 30
pkg.package-operator.run/cardboard/run/deps.go:123.2,123.32 1 5
pkg.package-operator.run/cardboard/run/deps.go:123.32,125.13 2 30
pkg.package-operator.run/cardboard/run/deps.go:125.13,127.39 2 30
pkg.package-operator.run/cardboard/run/deps.go:127.39,131.5 3 2
pkg.package-operator.run/cardboard/run/deps.go:134.2,135.29 2 5
pkg.package-operator.run/cardboard/run/deps.go:139.102,140.63 1 5
pkg.package-operator.run/cardboard/run/deps.go:140.63,141.13 1 0
pkg.package-operator.run/cardboard/run/deps.go:144.2,145.27 2 5
pkg.package-operator.run/cardboard/run/deps.go:145.27,147.3 1 30
pkg.package-operator.run/cardboard/run/deps.go:148.2,148.32 1 5
pkg.package-operator.run/cardboard/run/deps.go:148.32,149.38 1 29
pkg.package-operator.run/cardboard/run/deps.go:149.38,151.4 1 1
pkg.package-operator.run/cardboard/run/deps.go:153.2,153.12 1 4
pkg.package-operator.run/cardboard/run/deps.go:156.71,159.18 3 60
pkg.package-operator.run/cardboard/run/deps.go:159.18,161.3 1 10
pkg.package-operator.run/cardboard/run/deps.go:163.2,165.9 3 60
pkg.package-operator.run/cardboard/run/deps.go:165.9,168.3 2 60
pkg.package-operator.run/cardboard/run/deps.go:169.2,169.12 1 60
pkg.package-operator.run/cardboard/run/deps.go:172.53,173.53 1 10
pkg.package-operator.run/cardboard/run/deps.go:173.53,175.3 1 10
pkg.package-operator.run/cardboard/run/deps.go:177.2,183.27 7 0
pkg.package-operator.run/cardboard/run/deps.go:183.27,185.3 1 0
pkg.package-operator.run/cardboard/run/deps.go:186.2,186.32 1 0
pkg.package-operator.run/cardboard/run/deps.go:186.32,193.12 6 0
pkg.package-operator.run/cardboard/run/deps.go:193.12,194.9 1 0
pkg.package-operator.run/cardboard/run/deps.go:197.2,197.12 1 0
pkg.package-operator.run/cardboard/run/deps.go:197.12,199.3 1 0
pkg.package-operator.run/cardboard/run/deps.go:200.2,200.12 1 0
pkg.package-operator.run/cardboard/run/deps.go:208.27,210.2 1 183
pkg.package-operator.run/cardboard/run/deps.go:212.46,214.2 1 59
pkg.package-operator.run/cardboard/run/deps.go:221.41,223.2 1 0
pkg.package-operator.run/cardboard/run/deps.go:226.32,228.2 1 12
pkg.package-operator.run/cardboard/run/deps.go:231.53,234.40 1 12
pkg.package-operator.run/cardboard/run/deps.go:234.40,235.31 1 11
pkg.package-operator.run/cardboard/run/deps.go:236.16,237.8 1 2
pkg.package-operator.run/cardboard/run/deps.go:238.22,239.15 1 5
pkg.package-operator.run/cardboard/run/deps.go:240.31,241.11 1 2
pkg.package-operator.run/cardboard/run/deps.go:242.37,243.18 1 2
pkg.package-operator.run/cardboard/run/deps.go:245.4,245.14 1 4
pkg.package-operator.run/cardboard/run/deps.go:255.59,257.2 1 0
pkg.package-operator.run/cardboard/run/deps.go:260.50,262.2 1 8
pkg.package-operator.run/cardboard/run/deps.go:265.71,268.40 1 8
pkg.package-operator.run/cardboard/run/deps.go:268.40,269.31 1 8
pkg.package-operator.run/cardboard/run/deps.go:270.17,271.10 1 2
pkg.package-operator.run/cardboard/run/deps.go:272.23,273.17 1 2
pkg.package-operator.run/cardboard/run/deps.go:274.34,275.15 1 2
pkg.package-operator.run/cardboard/run/deps.go:276.40,277.22 1 2
pkg.package-operator.run/cardboard/run/deps.go:279.4,279.14 1 4
pkg.package-operator.run/cardboard/run/deps.go:289.71,291.2 1 0
pkg.package-operator.run/cardboard/run/deps.go:294.62,296.2 1 8
pkg.package-operator.run/cardboard/run/deps.go:299.83,302.40 1 8
pkg.package-operator.run/cardboard/run/deps.go:302.40,303.31 1 8
pkg.package-operator.run/cardboard/run/deps.go:304.20,305.14 1 2
pkg.package-operator.run/cardboard/run/deps.go:306.26,307.21 1 2
pkg.package-operator.run/cardboard/run/deps.go:308.37,309.19 1 2
pkg.package-operator.run/cardboard/run/deps.go:310.43,311.26 1 2
pkg.package-operator.run/cardboard/run/deps.go:313.4,313.14 1 4
pkg.package-operator.run/cardboard/run/deps.go:323.83,325.2 1 0
pkg.package-operator.run/cardboard/run/deps.go:328.74,330.2 1 8
pkg.package-operator.run/cardboard/run/deps.go:333.95,336.40 1 8
pkg.package-operator.run/cardboard/run/deps.go:336.40,337.31 1 8
pkg.package-operator.run/cardboard/run/deps.go:338.23,339.18 1 2
pkg.package-operator.run/cardboard/run/deps.go:340.29,341.25 1 2
pkg.package-operator.run/cardboard/run/deps.go:342.40,343.23 1 2
pkg.package-operator.run/cardboard/run/deps.go:344.46,345.30 1 2
pkg.package-operator.run/cardboard/run/deps.go:347.4,347.14 1 4
pkg.package-operator.run/cardboard/run/deps.go:357.95,359.2 1 0
pkg.package-operator.run/cardboard/run/deps.go:362.86,364.2 1 8
pkg.package-operator.run/cardboard/run/deps.go:367.107,370.40 1 8
pkg.package-operator.run/cardboard/run/deps.go:370.40,371.31 1 8
pkg.package-operator.run/cardboard/run/deps.go:372.26,373.22 1 2
pkg.package-operator.run/cardboard/run/deps.go:374.32,375.29 1 2
pkg.package-operator.run/cardboard/run/deps.go:376.43,377.27 1 2
pkg.package-operator.run/cardboard/run/deps.go:378.49,379.34 1 2
pkg.package-operator.run/cardboard/run/deps.go:381.4,381.14 1 4
pkg.package-operator.run/cardboard/run/deps.go:391.107,393.2 1 0
pkg.package-operator.run/cardboard/run/deps.go:396.98,398.2 1 8
pkg.package-operator.run/cardboard/run/deps.go:401.119,404.40 1 8
pkg.package-operator.run/cardboard/run/deps.go:404.40,405.31 1 8
pkg.package-operator.run/cardboard/run/deps.go:406.29,407.26 1 2
pkg.package-operator.run/cardboard/run/deps.go:408.35,409.33 1 2
pkg.package-operator.run/cardboard/run/deps.go:410.46,411.31 1 2
pkg.package-operator.run/cardboard/run/deps.go:412.52,413.38 1 2
pkg.package-operator.run/cardboard/run/deps.go:415.4,415.14 1 4
pkg.package-operator.run/cardboard/run/deps.go:425.119,427.2 1 0
pkg.package-operator.run/cardboard/run/deps.go:430.110,432.2 1 8
pkg.package-operator.run/cardboard/run/deps.go:435.131,438.40 1 8
pkg.package-operator.run/cardboard/run/deps.go:438.40,439.31 1 8
pkg.package-operator.run/cardboard/run/deps.go:440.32,441.30 1 2
pkg.package-operator.run/cardboard/run/deps.go:442.38,443.37 1 2
pkg.package-operator.run/cardboard/run/deps.go:444.49,445.35 1 2
pkg.package-operator.run/cardboard/run/deps.go:446.55,447.42 1 2
pkg.package-operator.run/cardboard/run/deps.go:449.4,449.14 1 4
pkg.package-operator.run/cardboard/run/deps.go:458.48,463.2 4 1
pkg.package-operator.run/cardboard/run/deps.go:465.58,467.19 2 0
pkg.package-operator.run/cardboard/run/deps.go:467.19,469.28 2 0
pkg.package-operator.run/cardboard/run/deps.go:469.28,471.4 1 0
pkg.package-operator.run/cardboard/run/deps.go:472.3,472.75 1 0
pkg.package-operator.run/cardboard/run/deps.go:474.2,474.40 1 0
pkg.package-operator.run/cardboard/run/deps.go:478.33,479.43 1 2
pkg.package-operator.run/cardboard/run/deps.go:479.43,481.3 1 0
pkg.package-operator.run/cardboard/run/deps.go:483.2,484.41 2 2
pkg.package-operator.run/cardboard/run/deps.go:484.41,486.3 1 2
pkg.package-operator.run/cardboard/run/deps.go:487.2,487.40 1 2
pkg.package-operator.run/cardboard/run/deps.go:487.40,490.3 1 0
pkg.package-operator.run/cardboard/run/deps.go:491.2,492.78 2 2
pkg.package-operator.run/cardboard/run/deps.go:496.41,500.19 4 81
pkg.package-operator.run/cardboard/run/deps.go:500.19,502.28 2 67
pkg.package-operator.run/cardboard/run/deps.go:502.28,504.4 1 247
pkg.package-operator.run/cardboard/run/deps.go:505.3,505.69 1 67
pkg.package-operator.run/cardboard/run/deps.go:507.2,507.20 1 14
pkg.package-operator.run/cardboard/run/deps.go:518.39,523.2 1 60
pkg.package-operator.run/cardboard/run/deps.go:525.31,527.2 1 3
pkg.package-operator.run/cardboard/run/deps.go:529.50,530.19 1 59
pkg.package-operator.run/cardboard/run/deps.go:530.19,532.16 2 59
pkg.package-operator.run/cardboard/run/deps.go:532.16,534.16 2 59
pkg.package-operator.run/cardboard/run/deps.go:534.16,536.5 1 59
pkg.package-operator.run/cardboard/run/deps.go:538.4,540.38 3 0
pkg.package-operator.run/cardboard/run/deps.go:540.38,543.5 2 0
pkg.package-operator.run/cardboard/run/deps.go:544.4,547.5 1 0
pkg.package-operator.run/cardboard/run/deps.go:550.3,551.29 2 59
pkg.package-operator.run/cardboard/run/deps.go:553.2,553.14 1 59
pkg.package-operator.run/cardboard/run/manager.go:26.48,28.2 1 0
pkg.package-operator.run/cardboard/run/manager.go:32.55,34.2 1 0
pkg.package-operator.run/cardboard/run/manager.go:38.53,40.2 1 0
pkg.package-operator.run/cardboard/run/manager.go:44.49,46.2 1 0
pkg.package-operator.run/cardboard/run/manager.go:69.42,76.27 3 0
pkg.package-operator.run/cardboard/run/manager.go:76.27,78.3 1 0
pkg.package-operator.run/cardboard/run/manager.go:79.2,79.21 1 0
pkg.package-operator.run/cardboard/run/manager.go:79.21,81.3 1 0
pkg.package-operator.run/cardboard/run/manager.go:82.2,82.10 1 0
pkg.package-operator.run/cardboard/run/manager.go:86.100,88.2 1 0
pkg.package-operator.run/cardboard/run/manager.go:91.102,93.2 1 0
pkg.package-operator.run/cardboard/run/manager.go:95.49,97.2 1 0
pkg.package-operator.run/cardboard/run/manager.go:105.41,107.2 1 0
pkg.package-operator.run/cardboard/run/manager.go:109.83,111.8 2 0
pkg.package-operator.run/cardboard/run/manager.go:111.8,113.3 1 0
pkg.package-operator.run/cardboard/run/manager.go:114.2,114.12 1 0
pkg.package-operator.run/cardboard/run/manager.go:117.50,119.22 2 0
pkg.package-operator.run/cardboard/run/manager.go:119.22,125.3 3 0
pkg.package-operator.run/cardboard/run/manager.go:126.2,126.12 1 0
pkg.package-operator.run/cardboard/run/manager.go:131.74,133.2 1 0
pkg.package-operator.run/cardboard/run/manager.go:135.53,137.49 2 0
pkg.package-operator.run/cardboard/run/manager.go:137.49,140.3 2 0
pkg.package-operator.run/cardboard/run/manager.go:141.2,141.35 1 0
pkg.package-operator.run/cardboard/run/manager.go:141.35,144.3 2 0
pkg.package-operator.run/cardboard/run/manager.go:147.50,149.19 2 0
pkg.package-operator.run/cardboard/run/manager.go:149.19,151.3 1 0
pkg.package-operator.run/cardboard/run/manager.go:152.2,152.23 1 0
pkg.package-operator.run/cardboard/run/manager.go:152.23,155.17 3 0
pkg.package-operator.run/cardboard/run/manager.go:155.17,157.4 1 0
pkg.package-operator.run/cardboard/run/manager.go:158.3,158.34 1 0
pkg.package-operator.run/cardboard/run/manager.go:158.34,159.32 1 0
pkg.package-operator.run/cardboard/run/manager.go:159.32,161.5 1 0
pkg.package-operator.run/cardboard/run/manager.go:164.3,166.28 3 0
pkg.package-operator.run/cardboard/run/manager.go:166.28,172.4 5 0
pkg.package-operator.run/cardboard/run/manager.go:173.3,174.33 2 0
pkg.package-operator.run/cardboard/run/manager.go:174.33,176.4 1 0
pkg.package-operator.run/cardboard/run/manager.go:177.3,178.26 2 0
pkg.package-operator.run/cardboard/run/manager.go:178.26,180.4 1 0
pkg.package-operator.run/cardboard/run/manager.go:182.3,183.33 2 0
pkg.package-operator.run/cardboard/run/manager.go:183.33,184.37 1 0
pkg.package-operator.run/cardboard/run/manager.go:184.37,187.5 2 0
pkg.package-operator.run/cardboard/run/manager.go:190.3,190.13 1 0
pkg.package-operator.run/cardboard/run/manager.go:194.2,194.21 1 0
pkg.package-operator.run/cardboard/run/manager.go:194.21,195.67 1 0
pkg.package-operator.run/cardboard/run/manager.go:195.67,197.4 1 0
pkg.package-operator.run/cardboard/run/manager.go:201.2,201.77 1 0
pkg.package-operator.run/cardboard/run/manager.go:201.77,203.3 1 0
pkg.package-operator.run/cardboard/run/manager.go:205.2,205.73 1 0
pkg.package-operator.run/cardboard/run/manager.go:205.73,207.3 1 0
pkg.package-operator.run/cardboard/run/manager.go:210.2,211.101 2 0
pkg.package-operator.run/cardboard/run/manager.go:211.101,212.56 1 0
pkg.package-operator.run/cardboard/run/manager.go:212.56,214.4 1 0
pkg.package-operator.run/cardboard/run/manager.go:215.3,215.13 1 0
pkg.package-operator.run/cardboard/run/manager.go:216.18,218.3 1 0
pkg.package-operator.run/cardboard/run/manager.go:220.2,220.12 1 0
pkg.package-operator.run/cardboard/run/manager.go:223.52,224.31 1 0
pkg.package-operator.run/cardboard/run/manager.go:224.31,225.43 1 0
pkg.package-operator.run/cardboard/run/manager.go:225.43,227.4 1 0
pkg.package-operator.run/cardboard/run/manager.go:229.2,229.12 1 0
pkg.package-operator.run/cardboard/run/manager.go:231.45,235.45 4 0
pkg.package-operator.run/cardboard/run/manager.go:235.45,237.27 2 0
pkg.package-operator.run/cardboard/run/manager.go:237.27,238.12 1 0
pkg.package-operator.run/cardboard/run/manager.go:242.3,245.46 1 0
pkg.package-operator.run/cardboard/run/manager.go:245.46,249.4 1 0
pkg.package-operator.run/cardboard/run/manager.go:251.3,253.62 3 0
pkg.package-operator.run/cardboard/run/manager.go:253.62,254.17 1 0
pkg.package-operator.run/cardboard/run/manager.go:254.17,256.17 2 0
pkg.package-operator.run/cardboard/run/manager.go:256.17,258.6 1 0
pkg.package-operator.run/cardboard/run/manager.go:259.5,260.32 2 0
pkg.package-operator.run/cardboard/run/manager.go:260.32,262.6 1 0
pkg.package-operator.run/cardboard/run/manager.go:264.5,267.6 1 0
pkg.package-operator.run/cardboard/run/manager.go:270.4,275.19 3 0
pkg.package-operator.run/cardboard/run/manager.go:275.19,277.5 1 0
pkg.package-operator.run/cardboard/run/manager.go:278.4,278.23 1 0
pkg.package-operator.run/cardboard/run/manager.go:280.3,281.41 1 0
pkg.package-operator.run/cardboard/run/manager.go:281.41,283.5 1 0
pkg.package-operator.run/cardboard/run/manager.go:287.2,287.12 1 0
pkg.package-operator.run/cardboard/run/manager.go:290.64,295.16 4 0
pkg.package-operator.run/cardboard/run/manager.go:295.16,297.3 1 0
pkg.package-operator.run/cardboard/run/manager.go:298.2,298.32 1 0
pkg.package-operator.run/cardboard/run/manager.go:298.32,299.20 1 0
pkg.package-operator.run/cardboard/run/manager.go:299.20,300.12 1 0
pkg.package-operator.run/cardboard/run/manager.go:303.3,305.17 2 0
pkg.package-operator.run/cardboard/run/manager.go:305.17,307.4 1 0
pkg.package-operator.run/cardboard/run/manager.go:308.3,308.32 1 0
pkg.package-operator.run/cardboard/run/manager.go:313.2,314.34 2 0
pkg.package-operator.run/cardboard/run/must.go:8.34,10.2 1 0
pkg.package-operator.run/cardboard/run/must.go:13.22,14.16 1 0
pkg.package-operator.run/cardboard/run/must.go:14.16,15.28 1 0
pkg.package-operator.run/cardboard/run/must.go:20.30,22.2 1 0
pkg.package-operator.run/cardboard/run/must.go:25.33,27.2 1 0
pkg.package-operator.run/cardboard/run/must.go:30.36,32.2 1 0
pkg.package-operator.run/cardboard/run/must.go:35.39,37.2 1 0
pkg.package-operator.run/cardboard/run/newer.go:20.66,21.65 1 12
pkg.package-operator.run/cardboard/run/newer.go:21.65,22.17 1 19
pkg.package-operator.run/cardboard/run/newer.go:22.17,24.4 1 1
pkg.package-operator.run/cardboard/run/newer.go:25.3,25.35 1 18
pkg.package-operator.run/cardboard/run/newer.go:25.35,27.4 1 6
pkg.package-operator.run/cardboard/run/newer.go:28.3,28.13 1 12
pkg.package-operator.run/cardboard/run/newer.go:30.2,30.33 1 12
pkg.package-operator.run/cardboard/run/newer.go:30.33,33.17 3 12
pkg.package-operator.run/cardboard/run/newer.go:33.17,34.12 1 5
pkg.package-operator.run/cardboard/run/newer.go:36.3,36.31 1 7
pkg.package-operator.run/cardboard/run/newer.go:36.31,38.4 1 6
pkg.package-operator.run/cardboard/run/newer.go:39.3,39.20 1 1
pkg.package-operator.run/cardboard/run/newer.go:41.2,41.19 1 5
pkg.package-operator.run/cardboard/run/newer.go:47.67,48.28 1 5
pkg.package-operator.run/cardboard/run/newer.go:48.28,50.17 2 7
pkg.package-operator.run/cardboard/run/newer.go:50.17,52.4 1 0
pkg.package-operator.run/cardboard/run/newer.go:53.3,53.22 1 7
pkg.package-operator.run/cardboard/run/newer.go:53.22,55.4 1 1
pkg.package-operator.run/cardboard/run/newer.go:56.3,57.17 2 6
pkg.package-operator.run/cardboard/run/newer.go:57.17,59.4 1 0
pkg.package-operator.run/cardboard/run/newer.go:60.3,60.12 1 6
pkg.package-operator.run/cardboard/run/newer.go:60.12,62.4 1 2
pkg.package-operator.run/cardboard/run/newer.go:64.2,64.19 1 2
pkg.package-operator.run/cardboard/run/newer.go:70.67,71.33 1 14
pkg.package-operator.run/cardboard/run/newer.go:71.33,74.17 3 16
pkg.package-operator.run/cardboard/run/newer.go:74.17,76.4 1 1
pkg.package-operator.run/cardboard/run/newer.go:77.3,77.35 1 15
pkg.package-operator.run/cardboard/run/newer.go:77.35,79.4 1 6
pkg.package-operator.run/cardboard/run/newer.go:81.2,81.19 1 7
pkg.package-operator.run/cardboard/run/newer.go:86.58,88.33 2 1
pkg.package-operator.run/cardboard/run/newer.go:88.33,89.63 1 1
pkg.package-operator.run/cardboard/run/newer.go:89.63,90.18 1 5
pkg.package-operator.run/cardboard/run/newer.go:90.18,92.5 1 0
pkg.package-operator.run/cardboard/run/newer.go:93.4,94.23 2 5
pkg.package-operator.run/cardboard/run/newer.go:94.23,96.5 1 1
pkg.package-operator.run/cardboard/run/newer.go:97.4,97.14 1 5
pkg.package-operator.run/cardboard/run/newer.go:99.3,99.55 1 1
pkg.package-operator.run/cardboard/run/newer.go:99.55,101.4 1 0
pkg.package-operator.run/cardboard/run/newer.go:103.2,103.15 1 1
pkg.package-operator.run/cardboard/run/newer.go:108.58,110.33 2 3
pkg.package-operator.run/cardboard/run/newer.go:110.33,111.63 1 3
pkg.package-operator.run/cardboard/run/newer.go:111.63,112.18 1 9
pkg.package-operator.run/cardboard/run/newer.go:112.18,114.5 1 0
pkg.package-operator.run/cardboard/run/newer.go:115.4,116.22 2 9
pkg.package-operator.run/cardboard/run/newer.go:116.22,118.5 1 4
pkg.package-operator.run/cardboard/run/newer.go:119.4,119.14 1 9
pkg.package-operator.run/cardboard/run/newer.go:121.3,121.55 1 3
pkg.package-operator.run/cardboard/run/newer.go:121.55,123.4 1 0
pkg.package-operator.run/cardboard/run/newer.go:125.2,125.15 1 3
pkg.package-operator.run/cardboard/run/target.go:13.56,15.24 2 10
pkg.package-operator.run/cardboard/run/target.go:15.24,17.3 1 2
pkg.package-operator.run/cardboard/run/target.go:18.2,18.16 1 8
pkg.package-operator.run/cardboard/run/target.go:18.16,20.3 1 0
pkg.package-operator.run/cardboard/run/target.go:21.2,21.46 1 8
pkg.package-operator.run/cardboard/run/target.go:30.54,32.24 2 7
pkg.package-operator.run/cardboard/run/target.go:32.24,34.3 1 2
pkg.package-operator.run/cardboard/run/target.go:35.2,35.16 1 5
pkg.package-operator.run/cardboard/run/target.go:35.16,37.3 1 0
pkg.package-operator.run/cardboard/run/target.go:38.2,38.44 1 5
pkg.package-operator.run/cardboard/run/target.go:47.55,50.24 3 14
pkg.package-operator.run/cardboard/run/target.go:50.24,52.3 1 2
pkg.package-operator.run/cardboard/run/target.go:53.2,53.16 1 12
pkg.package-operator.run/cardboard/run/target.go:53.16,55.3 1 0
pkg.package-operator.run/cardboard/run/target.go:56.2,57.18 2 12
pkg.package-operator.run/cardboard/run/target.go:57.18,59.17 2 2
pkg.package-operator.run/cardboard/run/target.go:59.17,61.4 1 0
pkg.package-operator.run/cardboard/run/target.go:63.2,63.39 1 12
